<?xml version="1.0" encoding="UTF-8"?>
<testng-results skipped="1" failed="0" total="3" passed="2">
  <reporter-output>
  </reporter-output>
  <suite name="Suite" duration-ms="189420" started-at="2016-01-04T19:41:21Z" finished-at="2016-01-04T19:44:30Z">
    <groups>
    </groups>
    <test name="firefoxtest" duration-ms="62681" started-at="2016-01-04T19:41:21Z" finished-at="2016-01-04T19:42:23Z">
      <class name="com.tnsautomation.tests.AppTest">
        <test-method status="FAIL" signature="setup(java.lang.String)[pri:0, instance:com.tnsautomation.tests.AppTest@17c7260]" name="setup" is-config="true" duration-ms="0" started-at="2016-01-05T01:11:21Z" finished-at="2016-01-05T01:11:21Z">
          <params>
            <param index="0">
              <value>
                <![CDATA[firefox]]>
              </value>
            </param>
          </params>
          <exception class="org.openqa.selenium.WebDriverException">
            <message>
              <![CDATA[Failed to connect to binary FirefoxBinary(C:\Program Files\Mozilla Firefox\firefox.exe) on port 7055; process output follows: 
port.skype.com/category/SKYPE_CALLS_FROM_BROWSERS/"},"visible":true,"active":false,"userDisabled":false,"appDisabled":true,"descriptor":"C:\\Program Files\\Mozilla Firefox\\browser\\extensions\\{82AF8DCA-6DE9-405D-BD5E-43525BDAD38A}.xpi","installDate":1430459238000,"updateDate":1430459238000,"applyBackgroundUpdates":1,"bootstrap":true,"size":319626,"sourceURI":null,"releaseNotesURI":null,"softDisabled":false,"foreignInstall":true,"hasBinaryComponents":false,"strictCompatibility":false,"locales":[],"targetApplications":[{"id":"{ec8030f7-c20a-464f-9b0e-13a3a9e97384}","minVersion":"21.0","maxVersion":"25.0a1"}],"targetPlatforms":[],"multiprocessCompatible":false,"signedState":0}
1451936495750	addons.xpi	DEBUG	Updating XPIState for {"id":"{972ce4c6-7e08-4474-a285-3208198ce6fd}","syncGUID":"e3S0m-IiTEeK","location":"app-global","version":"43.0.2","type":"theme","internalName":"classic/1.0","updateURL":null,"updateKey":null,"optionsURL":null,"optionsType":null,"aboutURL":null,"iconURL":null,"icon64URL":null,"defaultLocale":{"name":"Default","description":"The default theme.","creator":"Mozilla","homepageURL":null,"contributors":["Mozilla Contributors"]},"visible":true,"active":true,"userDisabled":false,"appDisabled":false,"descriptor":"C:\\Program Files\\Mozilla Firefox\\browser\\extensions\\{972ce4c6-7e08-4474-a285-3208198ce6fd}","installDate":1451510897744,"updateDate":1451510897744,"applyBackgroundUpdates":1,"skinnable":true,"size":24172,"sourceURI":null,"releaseNotesURI":null,"softDisabled":false,"foreignInstall":false,"hasBinaryComponents":false,"strictCompatibility":true,"locales":[],"targetApplications":[{"id":"{ec8030f7-c20a-464f-9b0e-13a3a9e97384}","minVersion":"43.0.2","maxVersion":"43.0.2"}],"targetPlatforms":[]}
1451936495750	addons.xpi	DEBUG	getModTime: Recursive scan of {972ce4c6-7e08-4474-a285-3208198ce6fd}
1451936495756	DeferredSave.extensions.json	DEBUG	Save changes
1451936495756	addons.xpi	DEBUG	Updating database with changes to installed add-ons
1451936495757	addons.xpi-utils	DEBUG	Updating add-on states
1451936495758	addons.xpi-utils	DEBUG	Writing add-ons list
1451936495771	addons.manager	DEBUG	Registering shutdown blocker for XPIProvider
1451936495771	addons.manager	DEBUG	Provider finished startup: XPIProvider
1451936495771	addons.manager	DEBUG	Starting provider: LightweightThemeManager
1451936495771	addons.manager	DEBUG	Registering shutdown blocker for LightweightThemeManager
1451936495772	addons.manager	DEBUG	Provider finished startup: LightweightThemeManager
1451936495773	addons.manager	DEBUG	Starting provider: GMPProvider
1451936495784	addons.manager	DEBUG	Registering shutdown blocker for GMPProvider
1451936495785	addons.manager	DEBUG	Provider finished startup: GMPProvider
1451936495785	addons.manager	DEBUG	Starting provider: PluginProvider
1451936495785	addons.manager	DEBUG	Registering shutdown blocker for PluginProvider
1451936495786	addons.manager	DEBUG	Provider finished startup: PluginProvider
1451936495786	addons.manager	DEBUG	Completed startup sequence
1451936500059	addons.manager	DEBUG	Starting provider: <unnamed-provider>
1451936500060	addons.manager	DEBUG	Registering shutdown blocker for <unnamed-provider>
1451936500060	addons.manager	DEBUG	Provider finished startup: <unnamed-provider>
1451936500218	DeferredSave.extensions.json	DEBUG	Starting write
1451936502856	addons.repository	DEBUG	No addons.json found.
1451936502857	DeferredSave.addons.json	DEBUG	Save changes
1451936502862	DeferredSave.addons.json	DEBUG	Starting timer
1451936502893	addons.manager	DEBUG	Starting provider: PreviousExperimentProvider
1451936502893	addons.manager	DEBUG	Registering shutdown blocker for PreviousExperimentProvider
1451936502893	addons.manager	DEBUG	Provider finished startup: PreviousExperimentProvider
1451936503277	DeferredSave.extensions.json	DEBUG	Write succeeded
1451936503278	addons.xpi-utils	DEBUG	XPI Database saved, setting schema version preference to 17
1451936503280	DeferredSave.addons.json	DEBUG	Starting write
1451936505921	DeferredSave.addons.json	DEBUG	Write succeeded

Build info: version: '2.47.1', revision: 'unknown', time: '2015-07-30 11:02:44'
System info: host: 'admin-PC', ip: '192.168.0.101', os.name: 'Windows 7', os.arch: 'x86', os.version: '6.1', java.version: '1.8.0_45'
Driver info: driver.version: FirefoxDriver]]>
            </message>
            <full-stacktrace>
              <![CDATA[org.openqa.selenium.WebDriverException: Failed to connect to binary FirefoxBinary(C:\Program Files\Mozilla Firefox\firefox.exe) on port 7055; process output follows: 
port.skype.com/category/SKYPE_CALLS_FROM_BROWSERS/"},"visible":true,"active":false,"userDisabled":false,"appDisabled":true,"descriptor":"C:\\Program Files\\Mozilla Firefox\\browser\\extensions\\{82AF8DCA-6DE9-405D-BD5E-43525BDAD38A}.xpi","installDate":1430459238000,"updateDate":1430459238000,"applyBackgroundUpdates":1,"bootstrap":true,"size":319626,"sourceURI":null,"releaseNotesURI":null,"softDisabled":false,"foreignInstall":true,"hasBinaryComponents":false,"strictCompatibility":false,"locales":[],"targetApplications":[{"id":"{ec8030f7-c20a-464f-9b0e-13a3a9e97384}","minVersion":"21.0","maxVersion":"25.0a1"}],"targetPlatforms":[],"multiprocessCompatible":false,"signedState":0}
1451936495750	addons.xpi	DEBUG	Updating XPIState for {"id":"{972ce4c6-7e08-4474-a285-3208198ce6fd}","syncGUID":"e3S0m-IiTEeK","location":"app-global","version":"43.0.2","type":"theme","internalName":"classic/1.0","updateURL":null,"updateKey":null,"optionsURL":null,"optionsType":null,"aboutURL":null,"iconURL":null,"icon64URL":null,"defaultLocale":{"name":"Default","description":"The default theme.","creator":"Mozilla","homepageURL":null,"contributors":["Mozilla Contributors"]},"visible":true,"active":true,"userDisabled":false,"appDisabled":false,"descriptor":"C:\\Program Files\\Mozilla Firefox\\browser\\extensions\\{972ce4c6-7e08-4474-a285-3208198ce6fd}","installDate":1451510897744,"updateDate":1451510897744,"applyBackgroundUpdates":1,"skinnable":true,"size":24172,"sourceURI":null,"releaseNotesURI":null,"softDisabled":false,"foreignInstall":false,"hasBinaryComponents":false,"strictCompatibility":true,"locales":[],"targetApplications":[{"id":"{ec8030f7-c20a-464f-9b0e-13a3a9e97384}","minVersion":"43.0.2","maxVersion":"43.0.2"}],"targetPlatforms":[]}
1451936495750	addons.xpi	DEBUG	getModTime: Recursive scan of {972ce4c6-7e08-4474-a285-3208198ce6fd}
1451936495756	DeferredSave.extensions.json	DEBUG	Save changes
1451936495756	addons.xpi	DEBUG	Updating database with changes to installed add-ons
1451936495757	addons.xpi-utils	DEBUG	Updating add-on states
1451936495758	addons.xpi-utils	DEBUG	Writing add-ons list
1451936495771	addons.manager	DEBUG	Registering shutdown blocker for XPIProvider
1451936495771	addons.manager	DEBUG	Provider finished startup: XPIProvider
1451936495771	addons.manager	DEBUG	Starting provider: LightweightThemeManager
1451936495771	addons.manager	DEBUG	Registering shutdown blocker for LightweightThemeManager
1451936495772	addons.manager	DEBUG	Provider finished startup: LightweightThemeManager
1451936495773	addons.manager	DEBUG	Starting provider: GMPProvider
1451936495784	addons.manager	DEBUG	Registering shutdown blocker for GMPProvider
1451936495785	addons.manager	DEBUG	Provider finished startup: GMPProvider
1451936495785	addons.manager	DEBUG	Starting provider: PluginProvider
1451936495785	addons.manager	DEBUG	Registering shutdown blocker for PluginProvider
1451936495786	addons.manager	DEBUG	Provider finished startup: PluginProvider
1451936495786	addons.manager	DEBUG	Completed startup sequence
1451936500059	addons.manager	DEBUG	Starting provider: <unnamed-provider>
1451936500060	addons.manager	DEBUG	Registering shutdown blocker for <unnamed-provider>
1451936500060	addons.manager	DEBUG	Provider finished startup: <unnamed-provider>
1451936500218	DeferredSave.extensions.json	DEBUG	Starting write
1451936502856	addons.repository	DEBUG	No addons.json found.
1451936502857	DeferredSave.addons.json	DEBUG	Save changes
1451936502862	DeferredSave.addons.json	DEBUG	Starting timer
1451936502893	addons.manager	DEBUG	Starting provider: PreviousExperimentProvider
1451936502893	addons.manager	DEBUG	Registering shutdown blocker for PreviousExperimentProvider
1451936502893	addons.manager	DEBUG	Provider finished startup: PreviousExperimentProvider
1451936503277	DeferredSave.extensions.json	DEBUG	Write succeeded
1451936503278	addons.xpi-utils	DEBUG	XPI Database saved, setting schema version preference to 17
1451936503280	DeferredSave.addons.json	DEBUG	Starting write
1451936505921	DeferredSave.addons.json	DEBUG	Write succeeded

Build info: version: '2.47.1', revision: 'unknown', time: '2015-07-30 11:02:44'
System info: host: 'admin-PC', ip: '192.168.0.101', os.name: 'Windows 7', os.arch: 'x86', os.version: '6.1', java.version: '1.8.0_45'
Driver info: driver.version: FirefoxDriver
	at org.openqa.selenium.firefox.internal.NewProfileExtensionConnection.start(NewProfileExtensionConnection.java:134)
	at org.openqa.selenium.firefox.FirefoxDriver.startClient(FirefoxDriver.java:276)
	at org.openqa.selenium.remote.RemoteWebDriver.<init>(RemoteWebDriver.java:116)
	at org.openqa.selenium.firefox.FirefoxDriver.<init>(FirefoxDriver.java:221)
	at org.openqa.selenium.firefox.FirefoxDriver.<init>(FirefoxDriver.java:216)
	at org.openqa.selenium.firefox.FirefoxDriver.<init>(FirefoxDriver.java:212)
	at org.openqa.selenium.firefox.FirefoxDriver.<init>(FirefoxDriver.java:125)
	at com.tnsautomation.tests.AppTest.setup(AppTest.java:29)
	at sun.reflect.NativeMethodAccessorImpl.invoke0(Native Method)
	at sun.reflect.NativeMethodAccessorImpl.invoke(Unknown Source)
	at sun.reflect.DelegatingMethodAccessorImpl.invoke(Unknown Source)
	at java.lang.reflect.Method.invoke(Unknown Source)
	at org.testng.internal.MethodInvocationHelper.invokeMethod(MethodInvocationHelper.java:85)
	at org.testng.internal.Invoker.invokeConfigurationMethod(Invoker.java:510)
	at org.testng.internal.Invoker.invokeConfigurations(Invoker.java:211)
	at org.testng.internal.Invoker.invokeConfigurations(Invoker.java:138)
	at org.testng.TestRunner.beforeRun(TestRunner.java:647)
	at org.testng.TestRunner.run(TestRunner.java:615)
	at org.testng.SuiteRunner.runTest(SuiteRunner.java:357)
	at org.testng.SuiteRunner.access$000(SuiteRunner.java:39)
	at org.testng.SuiteRunner$SuiteWorker.run(SuiteRunner.java:391)
	at org.testng.internal.thread.ThreadUtil$2.call(ThreadUtil.java:64)
	at java.util.concurrent.FutureTask.run(Unknown Source)
	at java.util.concurrent.ThreadPoolExecutor.runWorker(Unknown Source)
	at java.util.concurrent.ThreadPoolExecutor$Worker.run(Unknown Source)
	at java.lang.Thread.run(Unknown Source)
Caused by: org.openqa.selenium.firefox.NotConnectedException: Unable to connect to host 127.0.0.1 on port 7055 after 45000 ms. Firefox console output:
port.skype.com/category/SKYPE_CALLS_FROM_BROWSERS/"},"visible":true,"active":false,"userDisabled":false,"appDisabled":true,"descriptor":"C:\\Program Files\\Mozilla Firefox\\browser\\extensions\\{82AF8DCA-6DE9-405D-BD5E-43525BDAD38A}.xpi","installDate":1430459238000,"updateDate":1430459238000,"applyBackgroundUpdates":1,"bootstrap":true,"size":319626,"sourceURI":null,"releaseNotesURI":null,"softDisabled":false,"foreignInstall":true,"hasBinaryComponents":false,"strictCompatibility":false,"locales":[],"targetApplications":[{"id":"{ec8030f7-c20a-464f-9b0e-13a3a9e97384}","minVersion":"21.0","maxVersion":"25.0a1"}],"targetPlatforms":[],"multiprocessCompatible":false,"signedState":0}
1451936495750	addons.xpi	DEBUG	Updating XPIState for {"id":"{972ce4c6-7e08-4474-a285-3208198ce6fd}","syncGUID":"e3S0m-IiTEeK","location":"app-global","version":"43.0.2","type":"theme","internalName":"classic/1.0","updateURL":null,"updateKey":null,"optionsURL":null,"optionsType":null,"aboutURL":null,"iconURL":null,"icon64URL":null,"defaultLocale":{"name":"Default","description":"The default theme.","creator":"Mozilla","homepageURL":null,"contributors":["Mozilla Contributors"]},"visible":true,"active":true,"userDisabled":false,"appDisabled":false,"descriptor":"C:\\Program Files\\Mozilla Firefox\\browser\\extensions\\{972ce4c6-7e08-4474-a285-3208198ce6fd}","installDate":1451510897744,"updateDate":1451510897744,"applyBackgroundUpdates":1,"skinnable":true,"size":24172,"sourceURI":null,"releaseNotesURI":null,"softDisabled":false,"foreignInstall":false,"hasBinaryComponents":false,"strictCompatibility":true,"locales":[],"targetApplications":[{"id":"{ec8030f7-c20a-464f-9b0e-13a3a9e97384}","minVersion":"43.0.2","maxVersion":"43.0.2"}],"targetPlatforms":[]}
1451936495750	addons.xpi	DEBUG	getModTime: Recursive scan of {972ce4c6-7e08-4474-a285-3208198ce6fd}
1451936495756	DeferredSave.extensions.json	DEBUG	Save changes
1451936495756	addons.xpi	DEBUG	Updating database with changes to installed add-ons
1451936495757	addons.xpi-utils	DEBUG	Updating add-on states
1451936495758	addons.xpi-utils	DEBUG	Writing add-ons list
1451936495771	addons.manager	DEBUG	Registering shutdown blocker for XPIProvider
1451936495771	addons.manager	DEBUG	Provider finished startup: XPIProvider
1451936495771	addons.manager	DEBUG	Starting provider: LightweightThemeManager
1451936495771	addons.manager	DEBUG	Registering shutdown blocker for LightweightThemeManager
1451936495772	addons.manager	DEBUG	Provider finished startup: LightweightThemeManager
1451936495773	addons.manager	DEBUG	Starting provider: GMPProvider
1451936495784	addons.manager	DEBUG	Registering shutdown blocker for GMPProvider
1451936495785	addons.manager	DEBUG	Provider finished startup: GMPProvider
1451936495785	addons.manager	DEBUG	Starting provider: PluginProvider
1451936495785	addons.manager	DEBUG	Registering shutdown blocker for PluginProvider
1451936495786	addons.manager	DEBUG	Provider finished startup: PluginProvider
1451936495786	addons.manager	DEBUG	Completed startup sequence
1451936500059	addons.manager	DEBUG	Starting provider: <unnamed-provider>
1451936500060	addons.manager	DEBUG	Registering shutdown blocker for <unnamed-provider>
1451936500060	addons.manager	DEBUG	Provider finished startup: <unnamed-provider>
1451936500218	DeferredSave.extensions.json	DEBUG	Starting write
1451936502856	addons.repository	DEBUG	No addons.json found.
1451936502857	DeferredSave.addons.json	DEBUG	Save changes
1451936502862	DeferredSave.addons.json	DEBUG	Starting timer
1451936502893	addons.manager	DEBUG	Starting provider: PreviousExperimentProvider
1451936502893	addons.manager	DEBUG	Registering shutdown blocker for PreviousExperimentProvider
1451936502893	addons.manager	DEBUG	Provider finished startup: PreviousExperimentProvider
1451936503277	DeferredSave.extensions.json	DEBUG	Write succeeded
1451936503278	addons.xpi-utils	DEBUG	XPI Database saved, setting schema version preference to 17
1451936503280	DeferredSave.addons.json	DEBUG	Starting write
1451936505921	DeferredSave.addons.json	DEBUG	Write succeeded

	at org.openqa.selenium.firefox.internal.NewProfileExtensionConnection.start(NewProfileExtensionConnection.java:122)
	... 25 more
]]>
            </full-stacktrace>
          </exception> <!-- org.openqa.selenium.WebDriverException -->
          <reporter-output>
          </reporter-output>
        </test-method> <!-- setup -->
        <test-method status="SKIP" signature="setupSelenium()[pri:0, instance:com.tnsautomation.tests.AppTest@17c7260]" name="setupSelenium" duration-ms="1" started-at="2016-01-05T01:12:23Z" finished-at="2016-01-05T01:12:23Z">
          <reporter-output>
          </reporter-output>
        </test-method> <!-- setupSelenium -->
        <test-method status="SKIP" signature="shutdown()[pri:0, instance:com.tnsautomation.tests.AppTest@17c7260]" name="shutdown" is-config="true" duration-ms="0" started-at="2016-01-05T01:12:23Z" finished-at="2016-01-05T01:12:23Z">
          <reporter-output>
          </reporter-output>
        </test-method> <!-- shutdown -->
      </class> <!-- com.tnsautomation.tests.AppTest -->
    </test> <!-- firefoxtest -->
    <test name="chrometest" duration-ms="71685" started-at="2016-01-04T19:42:24Z" finished-at="2016-01-04T19:43:35Z">
      <class name="com.tnsautomation.tests.AppTest">
        <test-method status="PASS" signature="setup(java.lang.String)[pri:0, instance:com.tnsautomation.tests.AppTest@f82f98]" name="setup" is-config="true" duration-ms="60209" started-at="2016-01-05T01:12:24Z" finished-at="2016-01-05T01:13:24Z">
          <params>
            <param index="0">
              <value>
                <![CDATA[chrome]]>
              </value>
            </param>
          </params>
          <reporter-output>
          </reporter-output>
        </test-method> <!-- setup -->
        <test-method status="PASS" signature="setupSelenium()[pri:0, instance:com.tnsautomation.tests.AppTest@f82f98]" name="setupSelenium" duration-ms="10129" started-at="2016-01-05T01:13:24Z" finished-at="2016-01-05T01:13:34Z">
          <reporter-output>
          </reporter-output>
        </test-method> <!-- setupSelenium -->
        <test-method status="PASS" signature="shutdown()[pri:0, instance:com.tnsautomation.tests.AppTest@f82f98]" name="shutdown" is-config="true" duration-ms="1345" started-at="2016-01-05T01:13:34Z" finished-at="2016-01-05T01:13:35Z">
          <reporter-output>
          </reporter-output>
        </test-method> <!-- shutdown -->
      </class> <!-- com.tnsautomation.tests.AppTest -->
    </test> <!-- chrometest -->
    <test name="IEtest" duration-ms="189419" started-at="2016-01-04T19:41:21Z" finished-at="2016-01-04T19:44:30Z">
      <class name="com.tnsautomation.tests.AppTest">
        <test-method status="PASS" signature="setup(java.lang.String)[pri:0, instance:com.tnsautomation.tests.AppTest@cf57e3]" name="setup" is-config="true" duration-ms="45476" started-at="2016-01-05T01:11:21Z" finished-at="2016-01-05T01:12:06Z">
          <params>
            <param index="0">
              <value>
                <![CDATA[IE]]>
              </value>
            </param>
          </params>
          <reporter-output>
          </reporter-output>
        </test-method> <!-- setup -->
        <test-method status="PASS" signature="setupSelenium()[pri:0, instance:com.tnsautomation.tests.AppTest@cf57e3]" name="setupSelenium" duration-ms="143804" started-at="2016-01-05T01:12:06Z" finished-at="2016-01-05T01:14:30Z">
          <reporter-output>
          </reporter-output>
        </test-method> <!-- setupSelenium -->
        <test-method status="PASS" signature="shutdown()[pri:0, instance:com.tnsautomation.tests.AppTest@cf57e3]" name="shutdown" is-config="true" duration-ms="117" started-at="2016-01-05T01:14:30Z" finished-at="2016-01-05T01:14:30Z">
          <reporter-output>
          </reporter-output>
        </test-method> <!-- shutdown -->
      </class> <!-- com.tnsautomation.tests.AppTest -->
    </test> <!-- IEtest -->
  </suite> <!-- Suite -->
</testng-results>
