<?xml version="1.0" encoding="UTF-8"?>
<testng-results skipped="0" failed="0" total="3" passed="3">
  <reporter-output>
  </reporter-output>
  <suite name="Suite" duration-ms="111832" started-at="2015-09-27T19:47:43Z" finished-at="2015-09-27T19:49:35Z">
    <groups>
    </groups>
    <test name="firefoxtest" duration-ms="43961" started-at="2015-09-27T19:47:43Z" finished-at="2015-09-27T19:48:27Z">
      <class name="com.tnsautomation.tests.AppTest">
        <test-method status="PASS" signature="setup(java.lang.String)[pri:0, instance:com.tnsautomation.tests.AppTest@17c7260]" name="setup" is-config="true" duration-ms="23581" started-at="2015-09-28T01:17:43Z" finished-at="2015-09-28T01:18:06Z">
          <params>
            <param index="0">
              <value>
                <![CDATA[firefox]]>
              </value>
            </param>
          </params>
          <reporter-output>
          </reporter-output>
        </test-method> <!-- setup -->
        <test-method status="PASS" signature="setupSelenium()[pri:0, instance:com.tnsautomation.tests.AppTest@17c7260]" name="setupSelenium" duration-ms="20004" started-at="2015-09-28T01:18:07Z" finished-at="2015-09-28T01:18:27Z">
          <reporter-output>
          </reporter-output>
        </test-method> <!-- setupSelenium -->
        <test-method status="PASS" signature="shutdown()[pri:0, instance:com.tnsautomation.tests.AppTest@17c7260]" name="shutdown" is-config="true" duration-ms="242" started-at="2015-09-28T01:18:27Z" finished-at="2015-09-28T01:18:27Z">
          <reporter-output>
          </reporter-output>
        </test-method> <!-- shutdown -->
      </class> <!-- com.tnsautomation.tests.AppTest -->
    </test> <!-- firefoxtest -->
    <test name="IEtest" duration-ms="69811" started-at="2015-09-27T19:47:43Z" finished-at="2015-09-27T19:48:53Z">
      <class name="com.tnsautomation.tests.AppTest">
        <test-method status="PASS" signature="setup(java.lang.String)[pri:0, instance:com.tnsautomation.tests.AppTest@cf57e3]" name="setup" is-config="true" duration-ms="32471" started-at="2015-09-28T01:17:43Z" finished-at="2015-09-28T01:18:15Z">
          <params>
            <param index="0">
              <value>
                <![CDATA[IE]]>
              </value>
            </param>
          </params>
          <reporter-output>
          </reporter-output>
        </test-method> <!-- setup -->
        <test-method status="PASS" signature="setupSelenium()[pri:0, instance:com.tnsautomation.tests.AppTest@cf57e3]" name="setupSelenium" duration-ms="36889" started-at="2015-09-28T01:18:15Z" finished-at="2015-09-28T01:18:52Z">
          <reporter-output>
          </reporter-output>
        </test-method> <!-- setupSelenium -->
        <test-method status="PASS" signature="shutdown()[pri:0, instance:com.tnsautomation.tests.AppTest@cf57e3]" name="shutdown" is-config="true" duration-ms="440" started-at="2015-09-28T01:18:52Z" finished-at="2015-09-28T01:18:53Z">
          <reporter-output>
          </reporter-output>
        </test-method> <!-- shutdown -->
      </class> <!-- com.tnsautomation.tests.AppTest -->
    </test> <!-- IEtest -->
    <test name="chrometest" duration-ms="67592" started-at="2015-09-27T19:48:27Z" finished-at="2015-09-27T19:49:35Z">
      <class name="com.tnsautomation.tests.AppTest">
        <test-method status="PASS" signature="setup(java.lang.String)[pri:0, instance:com.tnsautomation.tests.AppTest@f82f98]" name="setup" is-config="true" duration-ms="50177" started-at="2015-09-28T01:18:27Z" finished-at="2015-09-28T01:19:17Z">
          <params>
            <param index="0">
              <value>
                <![CDATA[chrome]]>
              </value>
            </param>
          </params>
          <reporter-output>
          </reporter-output>
        </test-method> <!-- setup -->
        <test-method status="PASS" signature="setupSelenium()[pri:0, instance:com.tnsautomation.tests.AppTest@f82f98]" name="setupSelenium" duration-ms="16158" started-at="2015-09-28T01:19:17Z" finished-at="2015-09-28T01:19:33Z">
          <reporter-output>
          </reporter-output>
        </test-method> <!-- setupSelenium -->
        <test-method status="PASS" signature="shutdown()[pri:0, instance:com.tnsautomation.tests.AppTest@f82f98]" name="shutdown" is-config="true" duration-ms="1254" started-at="2015-09-28T01:19:33Z" finished-at="2015-09-28T01:19:35Z">
          <reporter-output>
          </reporter-output>
        </test-method> <!-- shutdown -->
      </class> <!-- com.tnsautomation.tests.AppTest -->
    </test> <!-- chrometest -->
  </suite> <!-- Suite -->
</testng-results>
