<?xml version="1.0" encoding="UTF-8"?>
<!-- Generated by org.testng.reporters.JUnitXMLReporter -->
<testsuite hostname="admin-PC" name="firefoxtest" tests="1" failures="0" timestamp="4 Jan 2016 19:42:24 GMT" time="62.681" errors="0">
  <testcase name="@BeforeTest setup" time="0.0" classname="com.tnsautomation.tests.AppTest">
    <failure type="org.openqa.selenium.WebDriverException" message="Failed to connect to binary FirefoxBinary(C:\Program Files\Mozilla Firefox\firefox.exe) on port 7055; process output follows: 
port.skype.com/category/SKYPE_CALLS_FROM_BROWSERS/&amp;quot;},&amp;quot;visible&amp;quot;:true,&amp;quot;active&amp;quot;:false,&amp;quot;userDisabled&amp;quot;:false,&amp;quot;appDisabled&amp;quot;:true,&amp;quot;descriptor&amp;quot;:&amp;quot;C:\\Program Files\\Mozilla Firefox\\browser\\extensions\\{82AF8DCA-6DE9-405D-BD5E-43525BDAD38A}.xpi&amp;quot;,&amp;quot;installDate&amp;quot;:1430459238000,&amp;quot;updateDate&amp;quot;:1430459238000,&amp;quot;applyBackgroundUpdates&amp;quot;:1,&amp;quot;bootstrap&amp;quot;:true,&amp;quot;size&amp;quot;:319626,&amp;quot;sourceURI&amp;quot;:null,&amp;quot;releaseNotesURI&amp;quot;:null,&amp;quot;softDisabled&amp;quot;:false,&amp;quot;foreignInstall&amp;quot;:true,&amp;quot;hasBinaryComponents&amp;quot;:false,&amp;quot;strictCompatibility&amp;quot;:false,&amp;quot;locales&amp;quot;:[],&amp;quot;targetApplications&amp;quot;:[{&amp;quot;id&amp;quot;:&amp;quot;{ec8030f7-c20a-464f-9b0e-13a3a9e97384}&amp;quot;,&amp;quot;minVersion&amp;quot;:&amp;quot;21.0&amp;quot;,&amp;quot;maxVersion&amp;quot;:&amp;quot;25.0a1&amp;quot;}],&amp;quot;targetPlatforms&amp;quot;:[],&amp;quot;multiprocessCompatible&amp;quot;:false,&amp;quot;signedState&amp;quot;:0}
1451936495750	addons.xpi	DEBUG	Updating XPIState for {&amp;quot;id&amp;quot;:&amp;quot;{972ce4c6-7e08-4474-a285-3208198ce6fd}&amp;quot;,&amp;quot;syncGUID&amp;quot;:&amp;quot;e3S0m-IiTEeK&amp;quot;,&amp;quot;location&amp;quot;:&amp;quot;app-global&amp;quot;,&amp;quot;version&amp;quot;:&amp;quot;43.0.2&amp;quot;,&amp;quot;type&amp;quot;:&amp;quot;theme&amp;quot;,&amp;quot;internalName&amp;quot;:&amp;quot;classic/1.0&amp;quot;,&amp;quot;updateURL&amp;quot;:null,&amp;quot;updateKey&amp;quot;:null,&amp;quot;optionsURL&amp;quot;:null,&amp;quot;optionsType&amp;quot;:null,&amp;quot;aboutURL&amp;quot;:null,&amp;quot;iconURL&amp;quot;:null,&amp;quot;icon64URL&amp;quot;:null,&amp;quot;defaultLocale&amp;quot;:{&amp;quot;name&amp;quot;:&amp;quot;Default&amp;quot;,&amp;quot;description&amp;quot;:&amp;quot;The default theme.&amp;quot;,&amp;quot;creator&amp;quot;:&amp;quot;Mozilla&amp;quot;,&amp;quot;homepageURL&amp;quot;:null,&amp;quot;contributors&amp;quot;:[&amp;quot;Mozilla Contributors&amp;quot;]},&amp;quot;visible&amp;quot;:true,&amp;quot;active&amp;quot;:true,&amp;quot;userDisabled&amp;quot;:false,&amp;quot;appDisabled&amp;quot;:false,&amp;quot;descriptor&amp;quot;:&amp;quot;C:\\Program Files\\Mozilla Firefox\\browser\\extensions\\{972ce4c6-7e08-4474-a285-3208198ce6fd}&amp;quot;,&amp;quot;installDate&amp;quot;:1451510897744,&amp;quot;updateDate&amp;quot;:1451510897744,&amp;quot;applyBackgroundUpdates&amp;quot;:1,&amp;quot;skinnable&amp;quot;:true,&amp;quot;size&amp;quot;:24172,&amp;quot;sourceURI&amp;quot;:null,&amp;quot;releaseNotesURI&amp;quot;:null,&amp;quot;softDisabled&amp;quot;:false,&amp;quot;foreignInstall&amp;quot;:false,&amp;quot;hasBinaryComponents&amp;quot;:false,&amp;quot;strictCompatibility&amp;quot;:true,&amp;quot;locales&amp;quot;:[],&amp;quot;targetApplications&amp;quot;:[{&amp;quot;id&amp;quot;:&amp;quot;{ec8030f7-c20a-464f-9b0e-13a3a9e97384}&amp;quot;,&amp;quot;minVersion&amp;quot;:&amp;quot;43.0.2&amp;quot;,&amp;quot;maxVersion&amp;quot;:&amp;quot;43.0.2&amp;quot;}],&amp;quot;targetPlatforms&amp;quot;:[]}
1451936495750	addons.xpi	DEBUG	getModTime: Recursive scan of {972ce4c6-7e08-4474-a285-3208198ce6fd}
1451936495756	DeferredSave.extensions.json	DEBUG	Save changes
1451936495756	addons.xpi	DEBUG	Updating database with changes to installed add-ons
1451936495757	addons.xpi-utils	DEBUG	Updating add-on states
1451936495758	addons.xpi-utils	DEBUG	Writing add-ons list
1451936495771	addons.manager	DEBUG	Registering shutdown blocker for XPIProvider
1451936495771	addons.manager	DEBUG	Provider finished startup: XPIProvider
1451936495771	addons.manager	DEBUG	Starting provider: LightweightThemeManager
1451936495771	addons.manager	DEBUG	Registering shutdown blocker for LightweightThemeManager
1451936495772	addons.manager	DEBUG	Provider finished startup: LightweightThemeManager
1451936495773	addons.manager	DEBUG	Starting provider: GMPProvider
1451936495784	addons.manager	DEBUG	Registering shutdown blocker for GMPProvider
1451936495785	addons.manager	DEBUG	Provider finished startup: GMPProvider
1451936495785	addons.manager	DEBUG	Starting provider: PluginProvider
1451936495785	addons.manager	DEBUG	Registering shutdown blocker for PluginProvider
1451936495786	addons.manager	DEBUG	Provider finished startup: PluginProvider
1451936495786	addons.manager	DEBUG	Completed startup sequence
1451936500059	addons.manager	DEBUG	Starting provider: &amp;lt;unnamed-provider&amp;gt;
1451936500060	addons.manager	DEBUG	Registering shutdown blocker for &amp;lt;unnamed-provider&amp;gt;
1451936500060	addons.manager	DEBUG	Provider finished startup: &amp;lt;unnamed-provider&amp;gt;
1451936500218	DeferredSave.extensions.json	DEBUG	Starting write
1451936502856	addons.repository	DEBUG	No addons.json found.
1451936502857	DeferredSave.addons.json	DEBUG	Save changes
1451936502862	DeferredSave.addons.json	DEBUG	Starting timer
1451936502893	addons.manager	DEBUG	Starting provider: PreviousExperimentProvider
1451936502893	addons.manager	DEBUG	Registering shutdown blocker for PreviousExperimentProvider
1451936502893	addons.manager	DEBUG	Provider finished startup: PreviousExperimentProvider
1451936503277	DeferredSave.extensions.json	DEBUG	Write succeeded
1451936503278	addons.xpi-utils	DEBUG	XPI Database saved, setting schema version preference to 17
1451936503280	DeferredSave.addons.json	DEBUG	Starting write
1451936505921	DeferredSave.addons.json	DEBUG	Write succeeded

Build info: version: &amp;apos;2.47.1&amp;apos;, revision: &amp;apos;unknown&amp;apos;, time: &amp;apos;2015-07-30 11:02:44&amp;apos;
System info: host: &amp;apos;admin-PC&amp;apos;, ip: &amp;apos;192.168.0.101&amp;apos;, os.name: &amp;apos;Windows 7&amp;apos;, os.arch: &amp;apos;x86&amp;apos;, os.version: &amp;apos;6.1&amp;apos;, java.version: &amp;apos;1.8.0_45&amp;apos;
Driver info: driver.version: FirefoxDriver">
      <![CDATA[org.openqa.selenium.WebDriverException: Failed to connect to binary FirefoxBinary(C:\Program Files\Mozilla Firefox\firefox.exe) on port 7055; process output follows: 
port.skype.com/category/SKYPE_CALLS_FROM_BROWSERS/"},"visible":true,"active":false,"userDisabled":false,"appDisabled":true,"descriptor":"C:\\Program Files\\Mozilla Firefox\\browser\\extensions\\{82AF8DCA-6DE9-405D-BD5E-43525BDAD38A}.xpi","installDate":1430459238000,"updateDate":1430459238000,"applyBackgroundUpdates":1,"bootstrap":true,"size":319626,"sourceURI":null,"releaseNotesURI":null,"softDisabled":false,"foreignInstall":true,"hasBinaryComponents":false,"strictCompatibility":false,"locales":[],"targetApplications":[{"id":"{ec8030f7-c20a-464f-9b0e-13a3a9e97384}","minVersion":"21.0","maxVersion":"25.0a1"}],"targetPlatforms":[],"multiprocessCompatible":false,"signedState":0}
1451936495750	addons.xpi	DEBUG	Updating XPIState for {"id":"{972ce4c6-7e08-4474-a285-3208198ce6fd}","syncGUID":"e3S0m-IiTEeK","location":"app-global","version":"43.0.2","type":"theme","internalName":"classic/1.0","updateURL":null,"updateKey":null,"optionsURL":null,"optionsType":null,"aboutURL":null,"iconURL":null,"icon64URL":null,"defaultLocale":{"name":"Default","description":"The default theme.","creator":"Mozilla","homepageURL":null,"contributors":["Mozilla Contributors"]},"visible":true,"active":true,"userDisabled":false,"appDisabled":false,"descriptor":"C:\\Program Files\\Mozilla Firefox\\browser\\extensions\\{972ce4c6-7e08-4474-a285-3208198ce6fd}","installDate":1451510897744,"updateDate":1451510897744,"applyBackgroundUpdates":1,"skinnable":true,"size":24172,"sourceURI":null,"releaseNotesURI":null,"softDisabled":false,"foreignInstall":false,"hasBinaryComponents":false,"strictCompatibility":true,"locales":[],"targetApplications":[{"id":"{ec8030f7-c20a-464f-9b0e-13a3a9e97384}","minVersion":"43.0.2","maxVersion":"43.0.2"}],"targetPlatforms":[]}
1451936495750	addons.xpi	DEBUG	getModTime: Recursive scan of {972ce4c6-7e08-4474-a285-3208198ce6fd}
1451936495756	DeferredSave.extensions.json	DEBUG	Save changes
1451936495756	addons.xpi	DEBUG	Updating database with changes to installed add-ons
1451936495757	addons.xpi-utils	DEBUG	Updating add-on states
1451936495758	addons.xpi-utils	DEBUG	Writing add-ons list
1451936495771	addons.manager	DEBUG	Registering shutdown blocker for XPIProvider
1451936495771	addons.manager	DEBUG	Provider finished startup: XPIProvider
1451936495771	addons.manager	DEBUG	Starting provider: LightweightThemeManager
1451936495771	addons.manager	DEBUG	Registering shutdown blocker for LightweightThemeManager
1451936495772	addons.manager	DEBUG	Provider finished startup: LightweightThemeManager
1451936495773	addons.manager	DEBUG	Starting provider: GMPProvider
1451936495784	addons.manager	DEBUG	Registering shutdown blocker for GMPProvider
1451936495785	addons.manager	DEBUG	Provider finished startup: GMPProvider
1451936495785	addons.manager	DEBUG	Starting provider: PluginProvider
1451936495785	addons.manager	DEBUG	Registering shutdown blocker for PluginProvider
1451936495786	addons.manager	DEBUG	Provider finished startup: PluginProvider
1451936495786	addons.manager	DEBUG	Completed startup sequence
1451936500059	addons.manager	DEBUG	Starting provider: <unnamed-provider>
1451936500060	addons.manager	DEBUG	Registering shutdown blocker for <unnamed-provider>
1451936500060	addons.manager	DEBUG	Provider finished startup: <unnamed-provider>
1451936500218	DeferredSave.extensions.json	DEBUG	Starting write
1451936502856	addons.repository	DEBUG	No addons.json found.
1451936502857	DeferredSave.addons.json	DEBUG	Save changes
1451936502862	DeferredSave.addons.json	DEBUG	Starting timer
1451936502893	addons.manager	DEBUG	Starting provider: PreviousExperimentProvider
1451936502893	addons.manager	DEBUG	Registering shutdown blocker for PreviousExperimentProvider
1451936502893	addons.manager	DEBUG	Provider finished startup: PreviousExperimentProvider
1451936503277	DeferredSave.extensions.json	DEBUG	Write succeeded
1451936503278	addons.xpi-utils	DEBUG	XPI Database saved, setting schema version preference to 17
1451936503280	DeferredSave.addons.json	DEBUG	Starting write
1451936505921	DeferredSave.addons.json	DEBUG	Write succeeded

Build info: version: '2.47.1', revision: 'unknown', time: '2015-07-30 11:02:44'
System info: host: 'admin-PC', ip: '192.168.0.101', os.name: 'Windows 7', os.arch: 'x86', os.version: '6.1', java.version: '1.8.0_45'
Driver info: driver.version: FirefoxDriver
	at org.openqa.selenium.firefox.internal.NewProfileExtensionConnection.start(NewProfileExtensionConnection.java:134)
	at org.openqa.selenium.firefox.FirefoxDriver.startClient(FirefoxDriver.java:276)
	at org.openqa.selenium.remote.RemoteWebDriver.<init>(RemoteWebDriver.java:116)
	at org.openqa.selenium.firefox.FirefoxDriver.<init>(FirefoxDriver.java:221)
	at org.openqa.selenium.firefox.FirefoxDriver.<init>(FirefoxDriver.java:216)
	at org.openqa.selenium.firefox.FirefoxDriver.<init>(FirefoxDriver.java:212)
	at org.openqa.selenium.firefox.FirefoxDriver.<init>(FirefoxDriver.java:125)
	at com.tnsautomation.tests.AppTest.setup(AppTest.java:29)
	at java.util.concurrent.FutureTask.run(Unknown Source)
	at java.util.concurrent.ThreadPoolExecutor.runWorker(Unknown Source)
	at java.util.concurrent.ThreadPoolExecutor$Worker.run(Unknown Source)
	at java.lang.Thread.run(Unknown Source)
Caused by: org.openqa.selenium.firefox.NotConnectedException: Unable to connect to host 127.0.0.1 on port 7055 after 45000 ms. Firefox console output:
port.skype.com/category/SKYPE_CALLS_FROM_BROWSERS/"},"visible":true,"active":false,"userDisabled":false,"appDisabled":true,"descriptor":"C:\\Program Files\\Mozilla Firefox\\browser\\extensions\\{82AF8DCA-6DE9-405D-BD5E-43525BDAD38A}.xpi","installDate":1430459238000,"updateDate":1430459238000,"applyBackgroundUpdates":1,"bootstrap":true,"size":319626,"sourceURI":null,"releaseNotesURI":null,"softDisabled":false,"foreignInstall":true,"hasBinaryComponents":false,"strictCompatibility":false,"locales":[],"targetApplications":[{"id":"{ec8030f7-c20a-464f-9b0e-13a3a9e97384}","minVersion":"21.0","maxVersion":"25.0a1"}],"targetPlatforms":[],"multiprocessCompatible":false,"signedState":0}
1451936495750	addons.xpi	DEBUG	Updating XPIState for {"id":"{972ce4c6-7e08-4474-a285-3208198ce6fd}","syncGUID":"e3S0m-IiTEeK","location":"app-global","version":"43.0.2","type":"theme","internalName":"classic/1.0","updateURL":null,"updateKey":null,"optionsURL":null,"optionsType":null,"aboutURL":null,"iconURL":null,"icon64URL":null,"defaultLocale":{"name":"Default","description":"The default theme.","creator":"Mozilla","homepageURL":null,"contributors":["Mozilla Contributors"]},"visible":true,"active":true,"userDisabled":false,"appDisabled":false,"descriptor":"C:\\Program Files\\Mozilla Firefox\\browser\\extensions\\{972ce4c6-7e08-4474-a285-3208198ce6fd}","installDate":1451510897744,"updateDate":1451510897744,"applyBackgroundUpdates":1,"skinnable":true,"size":24172,"sourceURI":null,"releaseNotesURI":null,"softDisabled":false,"foreignInstall":false,"hasBinaryComponents":false,"strictCompatibility":true,"locales":[],"targetApplications":[{"id":"{ec8030f7-c20a-464f-9b0e-13a3a9e97384}","minVersion":"43.0.2","maxVersion":"43.0.2"}],"targetPlatforms":[]}
1451936495750	addons.xpi	DEBUG	getModTime: Recursive scan of {972ce4c6-7e08-4474-a285-3208198ce6fd}
1451936495756	DeferredSave.extensions.json	DEBUG	Save changes
1451936495756	addons.xpi	DEBUG	Updating database with changes to installed add-ons
1451936495757	addons.xpi-utils	DEBUG	Updating add-on states
1451936495758	addons.xpi-utils	DEBUG	Writing add-ons list
1451936495771	addons.manager	DEBUG	Registering shutdown blocker for XPIProvider
1451936495771	addons.manager	DEBUG	Provider finished startup: XPIProvider
1451936495771	addons.manager	DEBUG	Starting provider: LightweightThemeManager
1451936495771	addons.manager	DEBUG	Registering shutdown blocker for LightweightThemeManager
1451936495772	addons.manager	DEBUG	Provider finished startup: LightweightThemeManager
1451936495773	addons.manager	DEBUG	Starting provider: GMPProvider
1451936495784	addons.manager	DEBUG	Registering shutdown blocker for GMPProvider
1451936495785	addons.manager	DEBUG	Provider finished startup: GMPProvider
1451936495785	addons.manager	DEBUG	Starting provider: PluginProvider
1451936495785	addons.manager	DEBUG	Registering shutdown blocker for PluginProvider
1451936495786	addons.manager	DEBUG	Provider finished startup: PluginProvider
1451936495786	addons.manager	DEBUG	Completed startup sequence
1451936500059	addons.manager	DEBUG	Starting provider: <unnamed-provider>
1451936500060	addons.manager	DEBUG	Registering shutdown blocker for <unnamed-provider>
1451936500060	addons.manager	DEBUG	Provider finished startup: <unnamed-provider>
1451936500218	DeferredSave.extensions.json	DEBUG	Starting write
1451936502856	addons.repository	DEBUG	No addons.json found.
1451936502857	DeferredSave.addons.json	DEBUG	Save changes
1451936502862	DeferredSave.addons.json	DEBUG	Starting timer
1451936502893	addons.manager	DEBUG	Starting provider: PreviousExperimentProvider
1451936502893	addons.manager	DEBUG	Registering shutdown blocker for PreviousExperimentProvider
1451936502893	addons.manager	DEBUG	Provider finished startup: PreviousExperimentProvider
1451936503277	DeferredSave.extensions.json	DEBUG	Write succeeded
1451936503278	addons.xpi-utils	DEBUG	XPI Database saved, setting schema version preference to 17
1451936503280	DeferredSave.addons.json	DEBUG	Starting write
1451936505921	DeferredSave.addons.json	DEBUG	Write succeeded

	at org.openqa.selenium.firefox.internal.NewProfileExtensionConnection.start(NewProfileExtensionConnection.java:122)
	... 25 more
... Removed 14 stack frames]]>
    </failure>
  </testcase> <!-- @BeforeTest setup -->
  <testcase name="@AfterTest shutdown" time="0.0" classname="com.tnsautomation.tests.AppTest">
    <skipped/>
  </testcase> <!-- @AfterTest shutdown -->
  <testcase name="setupSelenium" time="0.001" classname="com.tnsautomation.tests.AppTest">
    <skipped/>
  </testcase> <!-- setupSelenium -->
</testsuite> <!-- firefoxtest -->
